<?xml version="1.0" encoding="UTF-8"?>
<!-- Generated by org.testng.reporters.JUnitReportReporter -->
<testsuite hostname="DESKTOP-72BROTF" failures="0" tests="1" name="testpack.testclass" time="27.747" errors="0" timestamp="2024-04-03T18:42:06 IST" skipped="0">
  <testcase classname="testpack.testclass" name="logtest" time="27.747"/>
  <system-out/>
</testsuite> <!-- testpack.testclass -->
