<?xml version="1.0" encoding="UTF-8"?>
<!-- Generated by org.testng.reporters.JUnitReportReporter -->
<testsuite hostname="DESKTOP-72BROTF" failures="0" tests="1" name="testpack.testclass" time="10.035" errors="0" timestamp="2024-04-03T15:54:29 IST" skipped="0">
  <testcase classname="testpack.testclass" name="logtest" time="10.035"/>
  <system-out/>
</testsuite> <!-- testpack.testclass -->
